2025-07-28 23:27:06 5820 [Note] InnoDB: innodb_empty_free_list_algorithm has been changed to legacy because of small buffer pool size. In order to use backoff, increase buffer pool at least up to 20MB.

2025-07-28 23:27:06 5820 [Note] InnoDB: Using mutexes to ref count buffer pool pages
2025-07-28 23:27:06 5820 [Note] InnoDB: The InnoDB memory heap is disabled
2025-07-28 23:27:06 5820 [Note] InnoDB: Mutexes and rw_locks use Windows interlocked functions
2025-07-28 23:27:06 5820 [Note] InnoDB: _mm_lfence() and _mm_sfence() are used for memory barrier
2025-07-28 23:27:06 5820 [Note] InnoDB: Compressed tables use zlib 1.2.11
2025-07-28 23:27:06 5820 [Note] InnoDB: Using generic crc32 instructions
2025-07-28 23:27:06 5820 [Note] InnoDB: Initializing buffer pool, size = 128.0M
2025-07-28 23:27:06 5820 [Note] InnoDB: Completed initialization of buffer pool
2025-07-28 23:27:06 5820 [Note] InnoDB: Highest supported file format is Barracuda.
2025-07-28 23:27:06 5820 [Note] InnoDB: 128 rollback segment(s) are active.
2025-07-28 23:27:06 5820 [Note] InnoDB: Waiting for purge to start
2025-07-28 23:27:06 5820 [Note] InnoDB:  Percona XtraDB (http://www.percona.com) 5.6.49-89.0 started; log sequence number 1616703
2025-07-28 23:27:06 5820 [Note] Plugin 'FEEDBACK' is disabled.
2025-07-28 23:27:06 10300 [Note] InnoDB: Dumping buffer pool(s) not yet started
2025-07-28 23:27:06 5820 [Note] Server socket created on IP: '::'.
2025-07-28 23:27:06 5820 [Note] C:\Users\ezeki\Desktop\GitHub\Sejei1\Ezekiel\PrototypeTwo\mariadb-10.1.48-winx64\bin\mysqld.exe: ready for connections.
Version: '10.1.48-MariaDB'  socket: ''  port: 3306  mariadb.org binary distribution
2025-07-28 23:29:35 6980 [Note] C:\Users\ezeki\Desktop\GitHub\Sejei1\Ezekiel\PrototypeTwo\mariadb-10.1.48-winx64\bin\mysqld.exe: Normal shutdown
2025-07-28 23:29:35 6980 [Note] Event Scheduler: Purging the queue. 0 events
2025-07-28 23:29:35 10348 [Note] InnoDB: FTS optimize thread exiting.
2025-07-28 23:29:35 6980 [Note] InnoDB: Starting shutdown...
2025-07-28 23:29:35 6980 [Note] InnoDB: Waiting for page_cleaner to finish flushing of buffer pool
2025-07-28 23:29:36 6980 [Note] InnoDB: Shutdown completed; log sequence number 1616713
2025-07-28 23:29:36 6980 [Note] C:\Users\ezeki\Desktop\GitHub\Sejei1\Ezekiel\PrototypeTwo\mariadb-10.1.48-winx64\bin\mysqld.exe: Shutdown complete

2025-07-28 23:33:09 7528 [Note] InnoDB: innodb_empty_free_list_algorithm has been changed to legacy because of small buffer pool size. In order to use backoff, increase buffer pool at least up to 20MB.

2025-07-28 23:33:09 7528 [Note] InnoDB: Using mutexes to ref count buffer pool pages
2025-07-28 23:33:09 7528 [Note] InnoDB: The InnoDB memory heap is disabled
2025-07-28 23:33:09 7528 [Note] InnoDB: Mutexes and rw_locks use Windows interlocked functions
2025-07-28 23:33:09 7528 [Note] InnoDB: _mm_lfence() and _mm_sfence() are used for memory barrier
2025-07-28 23:33:09 7528 [Note] InnoDB: Compressed tables use zlib 1.2.11
2025-07-28 23:33:09 7528 [Note] InnoDB: Using generic crc32 instructions
2025-07-28 23:33:09 7528 [Note] InnoDB: Initializing buffer pool, size = 128.0M
2025-07-28 23:33:09 7528 [Note] InnoDB: Completed initialization of buffer pool
2025-07-28 23:33:09 7528 [Note] InnoDB: Highest supported file format is Barracuda.
2025-07-28 23:33:09 7528 [Note] InnoDB: 128 rollback segment(s) are active.
2025-07-28 23:33:09 7528 [Note] InnoDB: Waiting for purge to start
2025-07-28 23:33:09 7528 [Note] InnoDB:  Percona XtraDB (http://www.percona.com) 5.6.49-89.0 started; log sequence number 1616713
2025-07-28 23:33:09 7528 [Note] Plugin 'FEEDBACK' is disabled.
2025-07-28 23:33:09 14524 [Note] InnoDB: Dumping buffer pool(s) not yet started
2025-07-28 23:33:09 7528 [Note] Server socket created on IP: '::'.
2025-07-28 23:33:09 7528 [Note] C:\Users\ezeki\Desktop\GitHub\Sejei1\Ezekiel\PrototypeTwo\mariadb-10.1.48-winx64\bin\mysqld.exe: ready for connections.
Version: '10.1.48-MariaDB'  socket: ''  port: 3306  mariadb.org binary distribution
2025-07-29  0:02:26 6080 [Note] C:\Users\ezeki\Desktop\GitHub\Sejei1\Ezekiel\PrototypeTwo\mariadb-10.1.48-winx64\bin\mysqld.exe: Normal shutdown
2025-07-29  0:02:26 6080 [Note] Event Scheduler: Purging the queue. 0 events
2025-07-29  0:02:26 11356 [Note] InnoDB: FTS optimize thread exiting.
2025-07-29  0:02:26 6080 [Note] InnoDB: Starting shutdown...
2025-07-29  0:02:26 6080 [Note] InnoDB: Waiting for page_cleaner to finish flushing of buffer pool
2025-07-29  0:02:27 6080 [Note] InnoDB: Shutdown completed; log sequence number 1616723
2025-07-29  0:02:27 6080 [Note] C:\Users\ezeki\Desktop\GitHub\Sejei1\Ezekiel\PrototypeTwo\mariadb-10.1.48-winx64\bin\mysqld.exe: Shutdown complete

2025-07-29  8:34:36 12692 [Note] InnoDB: innodb_empty_free_list_algorithm has been changed to legacy because of small buffer pool size. In order to use backoff, increase buffer pool at least up to 20MB.

2025-07-29  8:34:36 12692 [Note] InnoDB: Using mutexes to ref count buffer pool pages
2025-07-29  8:34:36 12692 [Note] InnoDB: The InnoDB memory heap is disabled
2025-07-29  8:34:36 12692 [Note] InnoDB: Mutexes and rw_locks use Windows interlocked functions
2025-07-29  8:34:36 12692 [Note] InnoDB: _mm_lfence() and _mm_sfence() are used for memory barrier
2025-07-29  8:34:36 12692 [Note] InnoDB: Compressed tables use zlib 1.2.11
2025-07-29  8:34:36 12692 [Note] InnoDB: Using generic crc32 instructions
2025-07-29  8:34:36 12692 [Note] InnoDB: Initializing buffer pool, size = 128.0M
2025-07-29  8:34:36 12692 [Note] InnoDB: Completed initialization of buffer pool
2025-07-29  8:34:36 12692 [Note] InnoDB: Highest supported file format is Barracuda.
2025-07-29  8:34:36 12692 [Note] InnoDB: 128 rollback segment(s) are active.
2025-07-29  8:34:36 12692 [Note] InnoDB: Waiting for purge to start
2025-07-29  8:34:36 12692 [Note] InnoDB:  Percona XtraDB (http://www.percona.com) 5.6.49-89.0 started; log sequence number 1616743
2025-07-29  8:34:36 12692 [Note] Plugin 'FEEDBACK' is disabled.
2025-07-29  8:34:36 11944 [Note] InnoDB: Dumping buffer pool(s) not yet started
2025-07-29  8:34:36 12692 [Note] Server socket created on IP: '::'.
2025-07-29  9:05:28 12712 [Note] InnoDB: innodb_empty_free_list_algorithm has been changed to legacy because of small buffer pool size. In order to use backoff, increase buffer pool at least up to 20MB.

2025-07-29  9:05:28 12712 [Note] InnoDB: Using mutexes to ref count buffer pool pages
2025-07-29  9:05:28 12712 [Note] InnoDB: The InnoDB memory heap is disabled
2025-07-29  9:05:28 12712 [Note] InnoDB: Mutexes and rw_locks use Windows interlocked functions
2025-07-29  9:05:28 12712 [Note] InnoDB: _mm_lfence() and _mm_sfence() are used for memory barrier
2025-07-29  9:05:28 12712 [Note] InnoDB: Compressed tables use zlib 1.2.11
2025-07-29  9:05:28 12712 [Note] InnoDB: Using generic crc32 instructions
2025-07-29  9:05:28 12712 [Note] InnoDB: Initializing buffer pool, size = 128.0M
2025-07-29  9:05:28 12712 [Note] InnoDB: Completed initialization of buffer pool
2025-07-29  9:05:28 12712 [Note] InnoDB: Highest supported file format is Barracuda.
2025-07-29  9:05:28 12712 [Note] InnoDB: The log sequence number 1616743 in ibdata file do not match the log sequence number 1616753 in the ib_logfiles!
2025-07-29  9:05:28 12712 [Note] InnoDB: Restoring possible half-written data pages from the doublewrite buffer...
2025-07-29  9:05:28 12712 [Note] InnoDB: 128 rollback segment(s) are active.
2025-07-29  9:05:28 12712 [Note] InnoDB: Waiting for purge to start
2025-07-29  9:05:28 12712 [Note] InnoDB:  Percona XtraDB (http://www.percona.com) 5.6.49-89.0 started; log sequence number 1616753
2025-07-29  9:05:28 12712 [Note] Plugin 'FEEDBACK' is disabled.
2025-07-29  9:05:28 9672 [Note] InnoDB: Dumping buffer pool(s) not yet started
2025-07-29  9:05:28 12712 [Note] Server socket created on IP: '::'.
2025-07-29  9:07:04 11596 [Note] InnoDB: innodb_empty_free_list_algorithm has been changed to legacy because of small buffer pool size. In order to use backoff, increase buffer pool at least up to 20MB.

2025-07-29  9:07:04 11596 [Note] InnoDB: Using mutexes to ref count buffer pool pages
2025-07-29  9:07:04 11596 [Note] InnoDB: The InnoDB memory heap is disabled
2025-07-29  9:07:04 11596 [Note] InnoDB: Mutexes and rw_locks use Windows interlocked functions
2025-07-29  9:07:04 11596 [Note] InnoDB: _mm_lfence() and _mm_sfence() are used for memory barrier
2025-07-29  9:07:04 11596 [Note] InnoDB: Compressed tables use zlib 1.2.11
2025-07-29  9:07:04 11596 [Note] InnoDB: Using generic crc32 instructions
2025-07-29  9:07:04 11596 [Note] InnoDB: Initializing buffer pool, size = 128.0M
2025-07-29  9:07:04 11596 [Note] InnoDB: Completed initialization of buffer pool
2025-07-29  9:07:04 11596 [Note] InnoDB: Highest supported file format is Barracuda.
2025-07-29  9:07:04 11596 [Note] InnoDB: The log sequence number 1616743 in ibdata file do not match the log sequence number 1616763 in the ib_logfiles!
2025-07-29  9:07:04 11596 [Note] InnoDB: Restoring possible half-written data pages from the doublewrite buffer...
2025-07-29  9:07:04 11596 [Note] InnoDB: 128 rollback segment(s) are active.
2025-07-29  9:07:04 11596 [Note] InnoDB: Waiting for purge to start
2025-07-29  9:07:04 11596 [Note] InnoDB:  Percona XtraDB (http://www.percona.com) 5.6.49-89.0 started; log sequence number 1616763
2025-07-29  9:07:04 3252 [Note] InnoDB: Dumping buffer pool(s) not yet started
2025-07-29  9:07:04 11596 [Note] Plugin 'FEEDBACK' is disabled.
2025-07-29  9:07:04 11596 [Note] Server socket created on IP: '::'.
2025-07-29  9:38:38 5096 [Note] InnoDB: innodb_empty_free_list_algorithm has been changed to legacy because of small buffer pool size. In order to use backoff, increase buffer pool at least up to 20MB.

2025-07-29  9:38:38 5096 [Note] InnoDB: Using mutexes to ref count buffer pool pages
2025-07-29  9:38:38 5096 [Note] InnoDB: The InnoDB memory heap is disabled
2025-07-29  9:38:38 5096 [Note] InnoDB: Mutexes and rw_locks use Windows interlocked functions
2025-07-29  9:38:38 5096 [Note] InnoDB: _mm_lfence() and _mm_sfence() are used for memory barrier
2025-07-29  9:38:38 5096 [Note] InnoDB: Compressed tables use zlib 1.2.11
2025-07-29  9:38:38 5096 [Note] InnoDB: Using generic crc32 instructions
2025-07-29  9:38:38 5096 [Note] InnoDB: Initializing buffer pool, size = 128.0M
2025-07-29  9:38:38 5096 [Note] InnoDB: Completed initialization of buffer pool
2025-07-29  9:38:38 5096 [Note] InnoDB: Highest supported file format is Barracuda.
2025-07-29  9:38:38 5096 [Note] InnoDB: The log sequence number 1616743 in ibdata file do not match the log sequence number 1616773 in the ib_logfiles!
2025-07-29  9:38:38 5096 [Note] InnoDB: Restoring possible half-written data pages from the doublewrite buffer...
2025-07-29  9:38:38 5096 [Note] InnoDB: 128 rollback segment(s) are active.
2025-07-29  9:38:38 5096 [Note] InnoDB: Waiting for purge to start
2025-07-29  9:38:38 5096 [Note] InnoDB:  Percona XtraDB (http://www.percona.com) 5.6.49-89.0 started; log sequence number 1616773
2025-07-29  9:38:38 7220 [Note] InnoDB: Dumping buffer pool(s) not yet started
2025-07-29  9:38:38 5096 [Note] Plugin 'FEEDBACK' is disabled.
2025-07-29  9:38:38 5096 [Note] Server socket created on IP: '::'.
2025-07-29  9:50:21 7476 [Note] InnoDB: innodb_empty_free_list_algorithm has been changed to legacy because of small buffer pool size. In order to use backoff, increase buffer pool at least up to 20MB.

2025-07-29  9:50:21 7476 [Note] InnoDB: Using mutexes to ref count buffer pool pages
2025-07-29  9:50:21 7476 [Note] InnoDB: The InnoDB memory heap is disabled
2025-07-29  9:50:21 7476 [Note] InnoDB: Mutexes and rw_locks use Windows interlocked functions
2025-07-29  9:50:21 7476 [Note] InnoDB: _mm_lfence() and _mm_sfence() are used for memory barrier
2025-07-29  9:50:21 7476 [Note] InnoDB: Compressed tables use zlib 1.2.11
2025-07-29  9:50:21 7476 [Note] InnoDB: Using generic crc32 instructions
2025-07-29  9:50:21 7476 [Note] InnoDB: Initializing buffer pool, size = 128.0M
2025-07-29  9:50:21 7476 [Note] InnoDB: Completed initialization of buffer pool
2025-07-29  9:50:21 7476 [Note] InnoDB: Highest supported file format is Barracuda.
2025-07-29  9:50:21 7476 [Note] InnoDB: The log sequence number 1616743 in ibdata file do not match the log sequence number 1616783 in the ib_logfiles!
2025-07-29  9:50:21 7476 [Note] InnoDB: Restoring possible half-written data pages from the doublewrite buffer...
2025-07-29  9:50:21 7476 [Note] InnoDB: 128 rollback segment(s) are active.
2025-07-29  9:50:21 7476 [Note] InnoDB: Waiting for purge to start
2025-07-29  9:50:21 7476 [Note] InnoDB:  Percona XtraDB (http://www.percona.com) 5.6.49-89.0 started; log sequence number 1616783
2025-07-29  9:50:21 668 [Note] InnoDB: Dumping buffer pool(s) not yet started
2025-07-29  9:50:21 7476 [Note] Plugin 'FEEDBACK' is disabled.
2025-07-29  9:50:21 7476 [Note] Server socket created on IP: '::'.
2025-07-29  9:59:25 6540 [Note] InnoDB: innodb_empty_free_list_algorithm has been changed to legacy because of small buffer pool size. In order to use backoff, increase buffer pool at least up to 20MB.

2025-07-29  9:59:25 6540 [Note] InnoDB: Using mutexes to ref count buffer pool pages
2025-07-29  9:59:25 6540 [Note] InnoDB: The InnoDB memory heap is disabled
2025-07-29  9:59:25 6540 [Note] InnoDB: Mutexes and rw_locks use Windows interlocked functions
2025-07-29  9:59:25 6540 [Note] InnoDB: _mm_lfence() and _mm_sfence() are used for memory barrier
2025-07-29  9:59:25 6540 [Note] InnoDB: Compressed tables use zlib 1.2.11
2025-07-29  9:59:25 6540 [Note] InnoDB: Using generic crc32 instructions
2025-07-29  9:59:25 6540 [Note] InnoDB: Initializing buffer pool, size = 128.0M
2025-07-29  9:59:25 6540 [Note] InnoDB: Completed initialization of buffer pool
2025-07-29  9:59:25 6540 [ERROR] InnoDB: .\ibdata1 can't be opened in read-write mode
2025-07-29  9:59:25 6540 [ERROR] InnoDB: The system tablespace must be writable!
2025-07-29  9:59:25 6540 [ERROR] Plugin 'InnoDB' init function returned error.
2025-07-29  9:59:25 6540 [ERROR] Plugin 'InnoDB' registration as a STORAGE ENGINE failed.
2025-07-29  9:59:25 6540 [Note] Plugin 'FEEDBACK' is disabled.
2025-07-29  9:59:25 6540 [ERROR] Unknown/unsupported storage engine: InnoDB
2025-07-29  9:59:25 6540 [ERROR] Aborting

2025-07-29 10:00:28 8456 [Note] InnoDB: innodb_empty_free_list_algorithm has been changed to legacy because of small buffer pool size. In order to use backoff, increase buffer pool at least up to 20MB.

2025-07-29 10:00:28 8456 [Note] InnoDB: Using mutexes to ref count buffer pool pages
2025-07-29 10:00:28 8456 [Note] InnoDB: The InnoDB memory heap is disabled
2025-07-29 10:00:28 8456 [Note] InnoDB: Mutexes and rw_locks use Windows interlocked functions
2025-07-29 10:00:28 8456 [Note] InnoDB: _mm_lfence() and _mm_sfence() are used for memory barrier
2025-07-29 10:00:28 8456 [Note] InnoDB: Compressed tables use zlib 1.2.11
2025-07-29 10:00:28 8456 [Note] InnoDB: Using generic crc32 instructions
2025-07-29 10:00:28 8456 [Note] InnoDB: Initializing buffer pool, size = 128.0M
2025-07-29 10:00:28 8456 [Note] InnoDB: Completed initialization of buffer pool
2025-07-29 10:00:28 8456 [Note] InnoDB: Highest supported file format is Barracuda.
2025-07-29 10:00:28 8456 [Note] InnoDB: The log sequence number 1616743 in ibdata file do not match the log sequence number 1622465 in the ib_logfiles!
2025-07-29 10:00:28 8456 [Note] InnoDB: Restoring possible half-written data pages from the doublewrite buffer...
2025-07-29 10:00:28 8456 [Note] InnoDB: 128 rollback segment(s) are active.
2025-07-29 10:00:28 8456 [Note] InnoDB: Waiting for purge to start
2025-07-29 10:00:28 8456 [Note] InnoDB:  Percona XtraDB (http://www.percona.com) 5.6.49-89.0 started; log sequence number 1622465
2025-07-29 10:00:28 8456 [Note] Plugin 'FEEDBACK' is disabled.
2025-07-29 10:00:28 5852 [Note] InnoDB: Dumping buffer pool(s) not yet started
2025-07-29 10:00:29 8456 [Note] Server socket created on IP: '::'.
2025-07-29 10:01:58 1556 [Note] InnoDB: innodb_empty_free_list_algorithm has been changed to legacy because of small buffer pool size. In order to use backoff, increase buffer pool at least up to 20MB.

2025-07-29 10:01:58 1556 [Note] InnoDB: Using mutexes to ref count buffer pool pages
2025-07-29 10:01:58 1556 [Note] InnoDB: The InnoDB memory heap is disabled
2025-07-29 10:01:58 1556 [Note] InnoDB: Mutexes and rw_locks use Windows interlocked functions
2025-07-29 10:01:58 1556 [Note] InnoDB: _mm_lfence() and _mm_sfence() are used for memory barrier
2025-07-29 10:01:58 1556 [Note] InnoDB: Compressed tables use zlib 1.2.11
2025-07-29 10:01:58 1556 [Note] InnoDB: Using generic crc32 instructions
2025-07-29 10:01:58 1556 [Note] InnoDB: Initializing buffer pool, size = 128.0M
2025-07-29 10:01:58 1556 [Note] InnoDB: Completed initialization of buffer pool
2025-07-29 10:01:58 1556 [ERROR] InnoDB: .\ibdata1 can't be opened in read-write mode
2025-07-29 10:01:58 1556 [ERROR] InnoDB: The system tablespace must be writable!
2025-07-29 10:01:58 1556 [ERROR] Plugin 'InnoDB' init function returned error.
2025-07-29 10:01:58 1556 [ERROR] Plugin 'InnoDB' registration as a STORAGE ENGINE failed.
2025-07-29 10:01:58 1556 [Note] Plugin 'FEEDBACK' is disabled.
2025-07-29 10:01:58 1556 [ERROR] Unknown/unsupported storage engine: InnoDB
2025-07-29 10:01:58 1556 [ERROR] Aborting

2025-07-29 10:18:05 6720 [Note] InnoDB: innodb_empty_free_list_algorithm has been changed to legacy because of small buffer pool size. In order to use backoff, increase buffer pool at least up to 20MB.

2025-07-29 10:18:05 6720 [Note] InnoDB: Using mutexes to ref count buffer pool pages
2025-07-29 10:18:05 6720 [Note] InnoDB: The InnoDB memory heap is disabled
2025-07-29 10:18:05 6720 [Note] InnoDB: Mutexes and rw_locks use Windows interlocked functions
2025-07-29 10:18:05 6720 [Note] InnoDB: _mm_lfence() and _mm_sfence() are used for memory barrier
2025-07-29 10:18:05 6720 [Note] InnoDB: Compressed tables use zlib 1.2.11
2025-07-29 10:18:05 6720 [Note] InnoDB: Using generic crc32 instructions
2025-07-29 10:18:05 6720 [Note] InnoDB: Initializing buffer pool, size = 128.0M
2025-07-29 10:18:05 6720 [Note] InnoDB: Completed initialization of buffer pool
2025-07-29 10:18:05 6720 [Note] InnoDB: Highest supported file format is Barracuda.
2025-07-29 10:18:05 6720 [Note] InnoDB: The log sequence number 1616743 in ibdata file do not match the log sequence number 1622475 in the ib_logfiles!
2025-07-29 10:18:05 6720 [Note] InnoDB: Restoring possible half-written data pages from the doublewrite buffer...
2025-07-29 10:18:05 6720 [Note] InnoDB: 128 rollback segment(s) are active.
2025-07-29 10:18:05 6720 [Note] InnoDB: Waiting for purge to start
2025-07-29 10:18:05 6720 [Note] InnoDB:  Percona XtraDB (http://www.percona.com) 5.6.49-89.0 started; log sequence number 1622475
2025-07-29 10:18:05 6720 [Note] Plugin 'FEEDBACK' is disabled.
2025-07-29 10:18:05 7700 [Note] InnoDB: Dumping buffer pool(s) not yet started
2025-07-29 10:18:05 6720 [Note] Server socket created on IP: '::'.
2025-07-29 10:19:47 9104 [Note] InnoDB: innodb_empty_free_list_algorithm has been changed to legacy because of small buffer pool size. In order to use backoff, increase buffer pool at least up to 20MB.

2025-07-29 10:19:47 9104 [Note] InnoDB: Using mutexes to ref count buffer pool pages
2025-07-29 10:19:47 9104 [Note] InnoDB: The InnoDB memory heap is disabled
2025-07-29 10:19:47 9104 [Note] InnoDB: Mutexes and rw_locks use Windows interlocked functions
2025-07-29 10:19:47 9104 [Note] InnoDB: _mm_lfence() and _mm_sfence() are used for memory barrier
2025-07-29 10:19:47 9104 [Note] InnoDB: Compressed tables use zlib 1.2.11
2025-07-29 10:19:47 9104 [Note] InnoDB: Using generic crc32 instructions
2025-07-29 10:19:47 9104 [Note] InnoDB: Initializing buffer pool, size = 128.0M
2025-07-29 10:19:47 9104 [Note] InnoDB: Completed initialization of buffer pool
2025-07-29 10:19:47 9104 [Note] InnoDB: Highest supported file format is Barracuda.
2025-07-29 10:19:48 9104 [Note] InnoDB: The log sequence number 1616743 in ibdata file do not match the log sequence number 1622485 in the ib_logfiles!
2025-07-29 10:19:48 9104 [Note] InnoDB: Restoring possible half-written data pages from the doublewrite buffer...
2025-07-29 10:19:48 9104 [Note] InnoDB: 128 rollback segment(s) are active.
2025-07-29 10:19:48 9104 [Note] InnoDB: Waiting for purge to start
2025-07-29 10:19:48 9104 [Note] InnoDB:  Percona XtraDB (http://www.percona.com) 5.6.49-89.0 started; log sequence number 1622485
2025-07-29 10:19:48 9104 [Note] Plugin 'FEEDBACK' is disabled.
2025-07-29 10:19:48 10188 [Note] InnoDB: Dumping buffer pool(s) not yet started
2025-07-29 10:19:48 9104 [Note] Server socket created on IP: '::'.
2025-07-29 12:47:48 8396 [Note] InnoDB: innodb_empty_free_list_algorithm has been changed to legacy because of small buffer pool size. In order to use backoff, increase buffer pool at least up to 20MB.

2025-07-29 12:47:48 8396 [Note] InnoDB: Using mutexes to ref count buffer pool pages
2025-07-29 12:47:48 8396 [Note] InnoDB: The InnoDB memory heap is disabled
2025-07-29 12:47:48 8396 [Note] InnoDB: Mutexes and rw_locks use Windows interlocked functions
2025-07-29 12:47:48 8396 [Note] InnoDB: _mm_lfence() and _mm_sfence() are used for memory barrier
2025-07-29 12:47:48 8396 [Note] InnoDB: Compressed tables use zlib 1.2.11
2025-07-29 12:47:48 8396 [Note] InnoDB: Using generic crc32 instructions
2025-07-29 12:47:48 8396 [Note] InnoDB: Initializing buffer pool, size = 128.0M
2025-07-29 12:47:48 8396 [Note] InnoDB: Completed initialization of buffer pool
2025-07-29 12:47:48 8396 [Note] InnoDB: Highest supported file format is Barracuda.
2025-07-29 12:47:48 8396 [Note] InnoDB: The log sequence number 1616743 in ibdata file do not match the log sequence number 1622495 in the ib_logfiles!
2025-07-29 12:47:48 8396 [Note] InnoDB: Restoring possible half-written data pages from the doublewrite buffer...
2025-07-29 12:47:48 8396 [Note] InnoDB: 128 rollback segment(s) are active.
2025-07-29 12:47:48 8396 [Note] InnoDB: Waiting for purge to start
2025-07-29 12:47:48 8396 [Note] InnoDB:  Percona XtraDB (http://www.percona.com) 5.6.49-89.0 started; log sequence number 1622495
2025-07-29 12:47:48 2120 [Note] InnoDB: Dumping buffer pool(s) not yet started
2025-07-29 12:47:48 8396 [Note] Plugin 'FEEDBACK' is disabled.
2025-07-29 12:47:48 8396 [Note] Server socket created on IP: '::'.
2025-07-30 12:39:24 9592 [Note] InnoDB: innodb_empty_free_list_algorithm has been changed to legacy because of small buffer pool size. In order to use backoff, increase buffer pool at least up to 20MB.

2025-07-30 12:39:24 9592 [Note] InnoDB: Using mutexes to ref count buffer pool pages
2025-07-30 12:39:24 9592 [Note] InnoDB: The InnoDB memory heap is disabled
2025-07-30 12:39:24 9592 [Note] InnoDB: Mutexes and rw_locks use Windows interlocked functions
2025-07-30 12:39:24 9592 [Note] InnoDB: _mm_lfence() and _mm_sfence() are used for memory barrier
2025-07-30 12:39:24 9592 [Note] InnoDB: Compressed tables use zlib 1.2.11
2025-07-30 12:39:24 9592 [Note] InnoDB: Using generic crc32 instructions
2025-07-30 12:39:24 9592 [Note] InnoDB: Initializing buffer pool, size = 128.0M
2025-07-30 12:39:24 9592 [Note] InnoDB: Completed initialization of buffer pool
2025-07-30 12:39:24 9592 [Note] InnoDB: Highest supported file format is Barracuda.
2025-07-30 12:39:24 9592 [Note] InnoDB: The log sequence number 1616743 in ibdata file do not match the log sequence number 1626522 in the ib_logfiles!
2025-07-30 12:39:24 9592 [Note] InnoDB: Restoring possible half-written data pages from the doublewrite buffer...
2025-07-30 12:39:25 9592 [Note] InnoDB: 128 rollback segment(s) are active.
2025-07-30 12:39:25 9592 [Note] InnoDB: Waiting for purge to start
2025-07-30 12:39:25 9592 [Note] InnoDB:  Percona XtraDB (http://www.percona.com) 5.6.49-89.0 started; log sequence number 1626522
2025-07-30 12:39:25 14236 [Note] InnoDB: Dumping buffer pool(s) not yet started
2025-07-30 12:39:25 9592 [Note] Plugin 'FEEDBACK' is disabled.
2025-07-30 12:39:25 9592 [Note] Server socket created on IP: '::'.
2025-07-30 20:42:19 10052 [Note] InnoDB: innodb_empty_free_list_algorithm has been changed to legacy because of small buffer pool size. In order to use backoff, increase buffer pool at least up to 20MB.

2025-07-30 20:42:19 10052 [Note] InnoDB: Using mutexes to ref count buffer pool pages
2025-07-30 20:42:19 10052 [Note] InnoDB: The InnoDB memory heap is disabled
2025-07-30 20:42:19 10052 [Note] InnoDB: Mutexes and rw_locks use Windows interlocked functions
2025-07-30 20:42:19 10052 [Note] InnoDB: _mm_lfence() and _mm_sfence() are used for memory barrier
2025-07-30 20:42:19 10052 [Note] InnoDB: Compressed tables use zlib 1.2.11
2025-07-30 20:42:19 10052 [Note] InnoDB: Using generic crc32 instructions
2025-07-30 20:42:19 10052 [Note] InnoDB: Initializing buffer pool, size = 128.0M
2025-07-30 20:42:19 10052 [Note] InnoDB: Completed initialization of buffer pool
2025-07-30 20:42:19 10052 [Note] InnoDB: Highest supported file format is Barracuda.
2025-07-30 20:42:19 10052 [Note] InnoDB: The log sequence number 1616743 in ibdata file do not match the log sequence number 1626532 in the ib_logfiles!
2025-07-30 20:42:19 10052 [Note] InnoDB: Restoring possible half-written data pages from the doublewrite buffer...
2025-07-30 20:42:19 10052 [Note] InnoDB: 128 rollback segment(s) are active.
2025-07-30 20:42:19 10052 [Note] InnoDB: Waiting for purge to start
2025-07-30 20:42:19 10052 [Note] InnoDB:  Percona XtraDB (http://www.percona.com) 5.6.49-89.0 started; log sequence number 1626532
2025-07-30 20:42:19 10052 [Note] Plugin 'FEEDBACK' is disabled.
2025-07-30 20:42:19 16204 [Note] InnoDB: Dumping buffer pool(s) not yet started
2025-07-30 20:42:19 10052 [Note] Server socket created on IP: '::'.
2025-07-30 20:45:16 7320 [Note] InnoDB: innodb_empty_free_list_algorithm has been changed to legacy because of small buffer pool size. In order to use backoff, increase buffer pool at least up to 20MB.

2025-07-30 20:45:16 7320 [Note] InnoDB: Using mutexes to ref count buffer pool pages
2025-07-30 20:45:16 7320 [Note] InnoDB: The InnoDB memory heap is disabled
2025-07-30 20:45:16 7320 [Note] InnoDB: Mutexes and rw_locks use Windows interlocked functions
2025-07-30 20:45:16 7320 [Note] InnoDB: _mm_lfence() and _mm_sfence() are used for memory barrier
2025-07-30 20:45:16 7320 [Note] InnoDB: Compressed tables use zlib 1.2.11
2025-07-30 20:45:16 7320 [Note] InnoDB: Using generic crc32 instructions
2025-07-30 20:45:16 7320 [Note] InnoDB: Initializing buffer pool, size = 128.0M
2025-07-30 20:45:16 7320 [Note] InnoDB: Completed initialization of buffer pool
2025-07-30 20:45:16 7320 [Note] InnoDB: Highest supported file format is Barracuda.
2025-07-30 20:45:16 7320 [Note] InnoDB: The log sequence number 1616743 in ibdata file do not match the log sequence number 1626542 in the ib_logfiles!
2025-07-30 20:45:16 7320 [Note] InnoDB: Restoring possible half-written data pages from the doublewrite buffer...
2025-07-30 20:45:16 7320 [Note] InnoDB: 128 rollback segment(s) are active.
2025-07-30 20:45:16 7320 [Note] InnoDB: Waiting for purge to start
2025-07-30 20:45:16 7320 [Note] InnoDB:  Percona XtraDB (http://www.percona.com) 5.6.49-89.0 started; log sequence number 1626542
2025-07-30 20:45:16 7320 [Note] Plugin 'FEEDBACK' is disabled.
2025-07-30 20:45:16 14792 [Note] InnoDB: Dumping buffer pool(s) not yet started
2025-07-30 20:45:16 7320 [Note] Server socket created on IP: '::'.
2025-07-30 21:04:01 1824 [Note] InnoDB: innodb_empty_free_list_algorithm has been changed to legacy because of small buffer pool size. In order to use backoff, increase buffer pool at least up to 20MB.

2025-07-30 21:04:01 1824 [Note] InnoDB: Using mutexes to ref count buffer pool pages
2025-07-30 21:04:01 1824 [Note] InnoDB: The InnoDB memory heap is disabled
2025-07-30 21:04:01 1824 [Note] InnoDB: Mutexes and rw_locks use Windows interlocked functions
2025-07-30 21:04:01 1824 [Note] InnoDB: _mm_lfence() and _mm_sfence() are used for memory barrier
2025-07-30 21:04:01 1824 [Note] InnoDB: Compressed tables use zlib 1.2.11
2025-07-30 21:04:01 1824 [Note] InnoDB: Using generic crc32 instructions
2025-07-30 21:04:01 1824 [Note] InnoDB: Initializing buffer pool, size = 128.0M
2025-07-30 21:04:01 1824 [Note] InnoDB: Completed initialization of buffer pool
2025-07-30 21:04:01 1824 [Note] InnoDB: Highest supported file format is Barracuda.
2025-07-30 21:04:01 1824 [Note] InnoDB: The log sequence number 1616743 in ibdata file do not match the log sequence number 1626552 in the ib_logfiles!
2025-07-30 21:04:01 1824 [Note] InnoDB: Restoring possible half-written data pages from the doublewrite buffer...
2025-07-30 21:04:01 1824 [Note] InnoDB: 128 rollback segment(s) are active.
2025-07-30 21:04:01 1824 [Note] InnoDB: Waiting for purge to start
2025-07-30 21:04:01 1824 [Note] InnoDB:  Percona XtraDB (http://www.percona.com) 5.6.49-89.0 started; log sequence number 1626552
2025-07-30 21:04:01 1824 [Note] Plugin 'FEEDBACK' is disabled.
2025-07-30 21:04:01 11580 [Note] InnoDB: Dumping buffer pool(s) not yet started
2025-07-30 21:04:01 1824 [Note] Server socket created on IP: '::'.
2025-07-30 21:04:01 1824 [ERROR] Can't start server: Bind on TCP/IP port. Got error: 10048: Only one usage of each socket address (protocol/network address/port) is normally permitted.

2025-07-30 21:04:01 1824 [ERROR] Do you already have another mysqld server running on port: 3306 ?
2025-07-30 21:04:01 1824 [ERROR] Aborting

2025-07-30 21:05:07 15056 [Note] InnoDB: innodb_empty_free_list_algorithm has been changed to legacy because of small buffer pool size. In order to use backoff, increase buffer pool at least up to 20MB.

2025-07-30 21:05:07 15056 [Note] InnoDB: Using mutexes to ref count buffer pool pages
2025-07-30 21:05:07 15056 [Note] InnoDB: The InnoDB memory heap is disabled
2025-07-30 21:05:07 15056 [Note] InnoDB: Mutexes and rw_locks use Windows interlocked functions
2025-07-30 21:05:07 15056 [Note] InnoDB: _mm_lfence() and _mm_sfence() are used for memory barrier
2025-07-30 21:05:07 15056 [Note] InnoDB: Compressed tables use zlib 1.2.11
2025-07-30 21:05:07 15056 [Note] InnoDB: Using generic crc32 instructions
2025-07-30 21:05:07 15056 [Note] InnoDB: Initializing buffer pool, size = 128.0M
2025-07-30 21:05:07 15056 [Note] InnoDB: Completed initialization of buffer pool
2025-07-30 21:05:07 15056 [Note] InnoDB: Highest supported file format is Barracuda.
2025-07-30 21:05:07 15056 [Note] InnoDB: 128 rollback segment(s) are active.
2025-07-30 21:05:07 15056 [Note] InnoDB: Waiting for purge to start
2025-07-30 21:05:07 15056 [Note] InnoDB:  Percona XtraDB (http://www.percona.com) 5.6.49-89.0 started; log sequence number 1626562
2025-07-30 21:05:07 15056 [Note] Plugin 'FEEDBACK' is disabled.
2025-07-30 21:05:07 13780 [Note] InnoDB: Dumping buffer pool(s) not yet started
2025-07-30 21:05:07 15056 [Note] Server socket created on IP: '::'.
